This file contains any messages produced by compilers while
running configure, to aid debugging if configure makes a mistake.

It was created by OpenJPEG configure 1.4.0, which was
generated by GNU Autoconf 2.65.  Invocation command line was

  $ ./configure 

## --------- ##
## Platform. ##
## --------- ##

hostname = PC-016
uname -m = i686
uname -r = 1.7.5(0.225/5/3)
uname -s = CYGWIN_NT-6.1
uname -v = 2010-04-12 19:07

/usr/bin/uname -p = unknown
/bin/uname -X     = unknown

/bin/arch              = i686
/usr/bin/arch -k       = unknown
/usr/convex/getsysinfo = unknown
/usr/bin/hostinfo      = unknown
/bin/machine           = unknown
/usr/bin/oslevel       = unknown
/bin/universe          = unknown

PATH: /usr/local/bin
PATH: /usr/bin
PATH: /bin
PATH: /cygdrive/c/Program Files/PC Connectivity Solution/
PATH: /cygdrive/c/Perl/site/bin
PATH: /cygdrive/c/Perl/bin
PATH: /cygdrive/c/PROGRA~1/Borland/CBUILD~1/Bin
PATH: /cygdrive/c/PROGRA~1/Borland/CBUILD~1/Projects/Bpl
PATH: /cygdrive/c/Windows/system32
PATH: /cygdrive/c/Windows
PATH: /cygdrive/c/Windows/System32/Wbem
PATH: /cygdrive/c/Windows/System32/WindowsPowerShell/v1.0/
PATH: /cygdrive/c/Program Files/Microsoft SQL Server/100/Tools/Binn/
PATH: /cygdrive/c/Program Files/Microsoft SQL Server/100/DTS/Binn/
PATH: /cygdrive/c/Program Files/Common Files/Teleca Shared
PATH: /cygdrive/c/Program Files/Java/jdk1.6.0_21/bin
PATH: /cygdrive/c/Program Files/Java/jdk1.6.0_21/jre/bin/client
PATH: /cygdrive/d/tools
PATH: /cygdrive/d/Android/sdk/tools
PATH: /cygdrive/c/Program Files/TortoiseSVN/bin
PATH: /cygdrive/c/Program Files/IVT Corporation/BlueSoleil/Mobile
PATH: /cygdrive/c/Program Files/QuickTime/QTSystem/
PATH: /cygdrive/c/ant/bin
PATH: /usr/lib/lapack
PATH: /cygdrive/d/Android/ndk-r4-crystax
PATH: /cygdrive/d/Android/ndk-r4-crystax/build/prebuilt/windows/arm-eabi-4.4.0/bin


## ----------- ##
## Core tests. ##
## ----------- ##

configure:2401: checking build system type
configure:2415: result: i686-pc-cygwin
configure:2435: checking host system type
configure:2448: result: i686-pc-cygwin
configure:2468: checking target system type
configure:2481: result: i686-pc-cygwin
configure:2525: checking for a BSD-compatible install
configure:2593: result: /usr/bin/install -c
configure:2604: checking whether build environment is sane
configure:2654: result: yes
configure:2795: checking for a thread-safe mkdir -p
configure:2834: result: /usr/bin/mkdir -p
configure:2847: checking for gawk
configure:2863: found /usr/bin/gawk
configure:2874: result: gawk
configure:2885: checking whether make sets $(MAKE)
configure:2907: result: yes
configure:3051: checking for gcc
configure:3067: found /usr/bin/gcc
configure:3078: result: gcc
configure:3307: checking for C compiler version
configure:3316: gcc --version >&5
gcc (GCC) 4.3.4 20090804 (release) 1
Copyright (C) 2008 Free Software Foundation, Inc.
This is free software; see the source for copying conditions.  There is NO
warranty; not even for MERCHANTABILITY or FITNESS FOR A PARTICULAR PURPOSE.

configure:3327: $? = 0
configure:3316: gcc -v >&5
Using built-in specs.
Target: i686-pc-cygwin
Configured with: /gnu/gcc/releases/packaging/4.3.4-3/gcc4-4.3.4-3/src/gcc-4.3.4/configure --srcdir=/gnu/gcc/releases/packaging/4.3.4-3/gcc4-4.3.4-3/src/gcc-4.3.4 --prefix=/usr --exec-prefix=/usr --bindir=/usr/bin --sbindir=/usr/sbin --libexecdir=/usr/lib --datadir=/usr/share --localstatedir=/var --sysconfdir=/etc --infodir=/usr/share/info --mandir=/usr/share/man --datadir=/usr/share --infodir=/usr/share/info --mandir=/usr/share/man -v --with-gmp=/usr --with-mpfr=/usr --enable-bootstrap --enable-version-specific-runtime-libs --with-slibdir=/usr/bin --libexecdir=/usr/lib --enable-static --enable-shared --enable-shared-libgcc --disable-__cxa_atexit --with-gnu-ld --with-gnu-as --with-dwarf2 --disable-sjlj-exceptions --enable-languages=ada,c,c++,fortran,java,objc,obj-c++ --disable-symvers --enable-libjava --program-suffix=-4 --enable-libgomp --enable-libssp --enable-libada --enable-threads=posix --with-arch=i686 --with-tune=generic --enable-libgcj-sublibs CC=gcc-4 CXX=g++-4 CC_FOR_TARGET=gcc-4 CXX_FOR_TARGET=g++-4 GNATMAKE_FOR_TARGET=gnatmake GNATBIND_FOR_TARGET=gnatbind AS=/opt/gcc-tools/bin/as.exe AS_FOR_TARGET=/opt/gcc-tools/bin/as.exe LD=/opt/gcc-tools/bin/ld.exe LD_FOR_TARGET=/opt/gcc-tools/bin/ld.exe --with-ecj-jar=/usr/share/java/ecj.jar
Thread model: posix
gcc version 4.3.4 20090804 (release) 1 (GCC) 
configure:3327: $? = 0
configure:3316: gcc -V >&5
gcc: '-V' option must have argument
configure:3327: $? = 1
configure:3316: gcc -qversion >&5
gcc: unrecognized option '-qversion'
gcc: no input files
configure:3327: $? = 1
configure:3347: checking whether the C compiler works
configure:3369: gcc    conftest.c  >&5
configure:3373: $? = 0
configure:3422: result: yes
configure:3425: checking for C compiler default output file name
configure:3427: result: a.exe
configure:3433: checking for suffix of executables
configure:3440: gcc -o conftest.exe    conftest.c  >&5
configure:3444: $? = 0
configure:3466: result: .exe
configure:3488: checking whether we are cross compiling
configure:3496: gcc -o conftest.exe    conftest.c  >&5
configure:3500: $? = 0
configure:3507: ./conftest.exe
configure:3511: $? = 0
configure:3526: result: no
configure:3531: checking for suffix of object files
configure:3553: gcc -c   conftest.c >&5
configure:3557: $? = 0
configure:3578: result: o
configure:3582: checking whether we are using the GNU C compiler
configure:3601: gcc -c   conftest.c >&5
configure:3601: $? = 0
configure:3610: result: yes
configure:3619: checking whether gcc accepts -g
configure:3639: gcc -c -g  conftest.c >&5
configure:3639: $? = 0
configure:3680: result: yes
configure:3697: checking for gcc option to accept ISO C89
configure:3761: gcc  -c -g -O2  conftest.c >&5
configure:3761: $? = 0
configure:3774: result: none needed
configure:3805: checking for style of include used by make
configure:3833: result: GNU
configure:3858: checking dependency style of gcc
configure:3968: result: gcc3
configure:4041: checking for g++
configure:4057: found /usr/bin/g++
configure:4068: result: g++
configure:4095: checking for C++ compiler version
configure:4104: g++ --version >&5
g++ (GCC) 4.3.4 20090804 (release) 1
Copyright (C) 2008 Free Software Foundation, Inc.
This is free software; see the source for copying conditions.  There is NO
warranty; not even for MERCHANTABILITY or FITNESS FOR A PARTICULAR PURPOSE.

configure:4115: $? = 0
configure:4104: g++ -v >&5
Using built-in specs.
Target: i686-pc-cygwin
Configured with: /gnu/gcc/releases/packaging/4.3.4-3/gcc4-4.3.4-3/src/gcc-4.3.4/configure --srcdir=/gnu/gcc/releases/packaging/4.3.4-3/gcc4-4.3.4-3/src/gcc-4.3.4 --prefix=/usr --exec-prefix=/usr --bindir=/usr/bin --sbindir=/usr/sbin --libexecdir=/usr/lib --datadir=/usr/share --localstatedir=/var --sysconfdir=/etc --infodir=/usr/share/info --mandir=/usr/share/man --datadir=/usr/share --infodir=/usr/share/info --mandir=/usr/share/man -v --with-gmp=/usr --with-mpfr=/usr --enable-bootstrap --enable-version-specific-runtime-libs --with-slibdir=/usr/bin --libexecdir=/usr/lib --enable-static --enable-shared --enable-shared-libgcc --disable-__cxa_atexit --with-gnu-ld --with-gnu-as --with-dwarf2 --disable-sjlj-exceptions --enable-languages=ada,c,c++,fortran,java,objc,obj-c++ --disable-symvers --enable-libjava --program-suffix=-4 --enable-libgomp --enable-libssp --enable-libada --enable-threads=posix --with-arch=i686 --with-tune=generic --enable-libgcj-sublibs CC=gcc-4 CXX=g++-4 CC_FOR_TARGET=gcc-4 CXX_FOR_TARGET=g++-4 GNATMAKE_FOR_TARGET=gnatmake GNATBIND_FOR_TARGET=gnatbind AS=/opt/gcc-tools/bin/as.exe AS_FOR_TARGET=/opt/gcc-tools/bin/as.exe LD=/opt/gcc-tools/bin/ld.exe LD_FOR_TARGET=/opt/gcc-tools/bin/ld.exe --with-ecj-jar=/usr/share/java/ecj.jar
Thread model: posix
gcc version 4.3.4 20090804 (release) 1 (GCC) 
configure:4115: $? = 0
configure:4104: g++ -V >&5
g++: '-V' option must have argument
configure:4115: $? = 1
configure:4104: g++ -qversion >&5
g++: unrecognized option '-qversion'
g++: no input files
configure:4115: $? = 1
configure:4119: checking whether we are using the GNU C++ compiler
configure:4138: g++ -c   conftest.cpp >&5
configure:4138: $? = 0
configure:4147: result: yes
configure:4156: checking whether g++ accepts -g
configure:4176: g++ -c -g  conftest.cpp >&5
configure:4176: $? = 0
configure:4217: result: yes
configure:4242: checking dependency style of g++
configure:4352: result: gcc3
configure:4368: checking whether ln -s works
configure:4372: result: yes
configure:4379: checking for a sed that does not truncate output
configure:4443: result: /usr/bin/sed
configure:4456: checking for special C compiler options needed for large files
configure:4501: result: no
configure:4507: checking for _FILE_OFFSET_BITS value needed for large files
configure:4532: gcc -c -g -O2  conftest.c >&5
configure:4532: $? = 0
configure:4564: result: no
configure:4647: checking for _LARGEFILE_SOURCE value needed for large files
configure:4666: gcc -o conftest.exe -g -O2   conftest.c  >&5
configure:4666: $? = 0
configure:4694: result: no
configure:4715: checking whether make sets $(MAKE)
configure:4737: result: yes
configure:4832: checking for as
configure:4848: found /usr/bin/as
configure:4859: result: as
configure:4924: checking for dlltool
configure:4940: found /usr/bin/dlltool
configure:4951: result: dlltool
configure:5016: checking for objdump
configure:5032: found /usr/bin/objdump
configure:5043: result: objdump
configure:5135: checking how to print strings
configure:5162: result: printf
configure:5183: checking for a sed that does not truncate output
configure:5247: result: /usr/bin/sed
configure:5265: checking for grep that handles long lines and -e
configure:5323: result: /usr/bin/grep
configure:5328: checking for egrep
configure:5390: result: /usr/bin/grep -E
configure:5395: checking for fgrep
configure:5457: result: /usr/bin/grep -F
configure:5492: checking for ld used by gcc
configure:5559: result: /usr/i686-pc-cygwin/bin/ld.exe
configure:5566: checking if the linker (/usr/i686-pc-cygwin/bin/ld.exe) is GNU ld
configure:5581: result: yes
configure:5593: checking for BSD- or MS-compatible name lister (nm)
configure:5642: result: /usr/bin/nm -B
configure:5772: checking the name lister (/usr/bin/nm -B) interface
configure:5779: gcc -c -g -O2  conftest.c >&5
configure:5782: /usr/bin/nm -B "conftest.o"
configure:5785: output
00000000 b .bss
00000000 d .data
00000000 N .debug_abbrev
00000000 N .debug_info
00000000 N .debug_line
00000000 N .debug_pubnames
00000000 t .text
00000000 B _some_variable
configure:5792: result: BSD nm
configure:5796: checking the maximum length of command line arguments
configure:5921: result: 8192
configure:5938: checking whether the shell understands some XSI constructs
configure:5948: result: yes
configure:5952: checking whether the shell understands "+="
configure:5958: result: yes
configure:5993: checking for /usr/i686-pc-cygwin/bin/ld.exe option to reload object files
configure:6000: result: -r
configure:6069: checking for objdump
configure:6096: result: objdump
configure:6125: checking how to recognize dependent libraries
configure:6327: result: file_magic ^x86 archive import|^x86 DLL
configure:6387: checking for ar
configure:6403: found /usr/bin/ar
configure:6414: result: ar
configure:6492: checking for strip
configure:6508: found /usr/bin/strip
configure:6519: result: strip
configure:6591: checking for ranlib
configure:6607: found /usr/bin/ranlib
configure:6618: result: ranlib
configure:6720: checking command to parse /usr/bin/nm -B output from gcc object
configure:6838: gcc -c -g -O2  conftest.c >&5
configure:6841: $? = 0
configure:6845: /usr/bin/nm -B conftest.o \| sed -n -e 's/^.*[ ]\([ABCDGIRSTW][ABCDGIRSTW]*\)[ ][ ]*\([_A-Za-z][_A-Za-z0-9]*\)$/\1 \2 \2/p' \> conftest.nm
configure:6848: $? = 0
cannot find nm_test_var in conftest.nm
configure:6838: gcc -c -g -O2  conftest.c >&5
configure:6841: $? = 0
configure:6845: /usr/bin/nm -B conftest.o \| sed -n -e 's/^.*[ ]\([ABCDGIRSTW][ABCDGIRSTW]*\)[ ][ ]*_\([_A-Za-z][_A-Za-z0-9]*\)$/\1 _\2 \2/p' \> conftest.nm
configure:6848: $? = 0
configure:6902: gcc -o conftest.exe -g -O2   conftest.c conftstm.o >&5
configure:6905: $? = 0
configure:6943: result: ok
configure:7783: checking how to run the C preprocessor
configure:7814: gcc -E  conftest.c
configure:7814: $? = 0
configure:7828: gcc -E  conftest.c
conftest.c:12:28: error: ac_nonexistent.h: No such file or directory
configure:7828: $? = 1
configure: failed program was:
| /* confdefs.h */
| #define PACKAGE_NAME "OpenJPEG"
| #define PACKAGE_TARNAME "openjpeg-1.4.0"
| #define PACKAGE_VERSION "1.4.0"
| #define PACKAGE_STRING "OpenJPEG 1.4.0"
| #define PACKAGE_BUGREPORT "http://code.google.com/p/openjpeg/"
| #define PACKAGE_URL "http://www.openjpeg.org/"
| #define PACKAGE "openjpeg-1.4.0"
| #define VERSION "1.4.0"
| #define HAVE_FSEEKO 1
| /* end confdefs.h.  */
| #include <ac_nonexistent.h>
configure:7853: result: gcc -E
configure:7873: gcc -E  conftest.c
configure:7873: $? = 0
configure:7887: gcc -E  conftest.c
conftest.c:12:28: error: ac_nonexistent.h: No such file or directory
configure:7887: $? = 1
configure: failed program was:
| /* confdefs.h */
| #define PACKAGE_NAME "OpenJPEG"
| #define PACKAGE_TARNAME "openjpeg-1.4.0"
| #define PACKAGE_VERSION "1.4.0"
| #define PACKAGE_STRING "OpenJPEG 1.4.0"
| #define PACKAGE_BUGREPORT "http://code.google.com/p/openjpeg/"
| #define PACKAGE_URL "http://www.openjpeg.org/"
| #define PACKAGE "openjpeg-1.4.0"
| #define VERSION "1.4.0"
| #define HAVE_FSEEKO 1
| /* end confdefs.h.  */
| #include <ac_nonexistent.h>
configure:7916: checking for ANSI C header files
configure:7936: gcc -c -g -O2  conftest.c >&5
configure:7936: $? = 0
configure:8009: gcc -o conftest.exe -g -O2   conftest.c  >&5
configure:8009: $? = 0
configure:8009: ./conftest.exe
configure:8009: $? = 0
configure:8020: result: yes
configure:8033: checking for sys/types.h
configure:8033: gcc -c -g -O2  conftest.c >&5
configure:8033: $? = 0
configure:8033: result: yes
configure:8033: checking for sys/stat.h
configure:8033: gcc -c -g -O2  conftest.c >&5
configure:8033: $? = 0
configure:8033: result: yes
configure:8033: checking for stdlib.h
configure:8033: gcc -c -g -O2  conftest.c >&5
configure:8033: $? = 0
configure:8033: result: yes
configure:8033: checking for string.h
configure:8033: gcc -c -g -O2  conftest.c >&5
configure:8033: $? = 0
configure:8033: result: yes
configure:8033: checking for memory.h
configure:8033: gcc -c -g -O2  conftest.c >&5
configure:8033: $? = 0
configure:8033: result: yes
configure:8033: checking for strings.h
configure:8033: gcc -c -g -O2  conftest.c >&5
configure:8033: $? = 0
configure:8033: result: yes
configure:8033: checking for inttypes.h
configure:8033: gcc -c -g -O2  conftest.c >&5
configure:8033: $? = 0
configure:8033: result: yes
configure:8033: checking for stdint.h
configure:8033: gcc -c -g -O2  conftest.c >&5
configure:8033: $? = 0
configure:8033: result: yes
configure:8033: checking for unistd.h
configure:8033: gcc -c -g -O2  conftest.c >&5
configure:8033: $? = 0
configure:8033: result: yes
configure:8048: checking for dlfcn.h
configure:8048: gcc -c -g -O2  conftest.c >&5
configure:8048: $? = 0
configure:8048: result: yes
configure:8204: checking for objdir
configure:8219: result: .libs
configure:8486: checking if gcc supports -fno-rtti -fno-exceptions
configure:8504: gcc -c -g -O2  -fno-rtti -fno-exceptions conftest.c >&5
cc1: warning: command line option "-fno-rtti" is valid for C++/ObjC++ but not for C
configure:8508: $? = 0
configure:8521: result: no
configure:8541: checking for gcc option to produce PIC
configure:8826: result: -DDLL_EXPORT -DPIC
configure:8838: checking if gcc PIC flag -DDLL_EXPORT -DPIC works
configure:8856: gcc -c -g -O2  -DDLL_EXPORT -DPIC -DPIC conftest.c >&5
configure:8860: $? = 0
configure:8873: result: yes
configure:8897: checking if gcc static flag -static works
configure:8925: result: no
configure:8940: checking if gcc supports -c -o file.o
configure:8961: gcc -c -g -O2  -o out/conftest2.o conftest.c >&5
configure:8965: $? = 0
configure:8987: result: yes
configure:8995: checking if gcc supports -c -o file.o
configure:9042: result: yes
configure:9075: checking whether the gcc linker (/usr/i686-pc-cygwin/bin/ld.exe) supports shared libraries
configure:10150: result: yes
configure:10187: checking whether -lc should be explicitly linked in
configure:10195: gcc -c -g -O2  conftest.c >&5
configure:10198: $? = 0
configure:10213: gcc -shared conftest.o  -v -o ./conftest -Wl,--enable-auto-image-base -Xlinker --out-implib -Xlinker conftest 2\>\&1 \| /usr/bin/grep  -lc  \>/dev/null 2\>\&1
configure:10216: $? = 1
configure:10230: result: yes
configure:10395: checking dynamic linker characteristics
configure:11072: result: Win32 ld.exe
configure:11179: checking how to hardcode library paths into programs
configure:11204: result: immediate
configure:11744: checking whether stripping libraries is possible
configure:11749: result: yes
configure:11784: checking if libtool supports shared libraries
configure:11786: result: yes
configure:11789: checking whether to build shared libraries
configure:11810: result: yes
configure:11813: checking whether to build static libraries
configure:11817: result: yes
configure:11840: checking how to run the C++ preprocessor
configure:11867: g++ -E  conftest.cpp
configure:11867: $? = 0
configure:11881: g++ -E  conftest.cpp
conftest.cpp:24:28: error: ac_nonexistent.h: No such file or directory
configure:11881: $? = 1
configure: failed program was:
| /* confdefs.h */
| #define PACKAGE_NAME "OpenJPEG"
| #define PACKAGE_TARNAME "openjpeg-1.4.0"
| #define PACKAGE_VERSION "1.4.0"
| #define PACKAGE_STRING "OpenJPEG 1.4.0"
| #define PACKAGE_BUGREPORT "http://code.google.com/p/openjpeg/"
| #define PACKAGE_URL "http://www.openjpeg.org/"
| #define PACKAGE "openjpeg-1.4.0"
| #define VERSION "1.4.0"
| #define HAVE_FSEEKO 1
| #define STDC_HEADERS 1
| #define HAVE_SYS_TYPES_H 1
| #define HAVE_SYS_STAT_H 1
| #define HAVE_STDLIB_H 1
| #define HAVE_STRING_H 1
| #define HAVE_MEMORY_H 1
| #define HAVE_STRINGS_H 1
| #define HAVE_INTTYPES_H 1
| #define HAVE_STDINT_H 1
| #define HAVE_UNISTD_H 1
| #define HAVE_DLFCN_H 1
| #define LT_OBJDIR ".libs/"
| /* end confdefs.h.  */
| #include <ac_nonexistent.h>
configure:11906: result: g++ -E
configure:11926: g++ -E  conftest.cpp
configure:11926: $? = 0
configure:11940: g++ -E  conftest.cpp
conftest.cpp:24:28: error: ac_nonexistent.h: No such file or directory
configure:11940: $? = 1
configure: failed program was:
| /* confdefs.h */
| #define PACKAGE_NAME "OpenJPEG"
| #define PACKAGE_TARNAME "openjpeg-1.4.0"
| #define PACKAGE_VERSION "1.4.0"
| #define PACKAGE_STRING "OpenJPEG 1.4.0"
| #define PACKAGE_BUGREPORT "http://code.google.com/p/openjpeg/"
| #define PACKAGE_URL "http://www.openjpeg.org/"
| #define PACKAGE "openjpeg-1.4.0"
| #define VERSION "1.4.0"
| #define HAVE_FSEEKO 1
| #define STDC_HEADERS 1
| #define HAVE_SYS_TYPES_H 1
| #define HAVE_SYS_STAT_H 1
| #define HAVE_STDLIB_H 1
| #define HAVE_STRING_H 1
| #define HAVE_MEMORY_H 1
| #define HAVE_STRINGS_H 1
| #define HAVE_INTTYPES_H 1
| #define HAVE_STDINT_H 1
| #define HAVE_UNISTD_H 1
| #define HAVE_DLFCN_H 1
| #define LT_OBJDIR ".libs/"
| /* end confdefs.h.  */
| #include <ac_nonexistent.h>
configure:12108: checking for ld used by g++
configure:12175: result: /usr/i686-pc-cygwin/bin/ld.exe
configure:12182: checking if the linker (/usr/i686-pc-cygwin/bin/ld.exe) is GNU ld
configure:12197: result: yes
configure:12252: checking whether the g++ linker (/usr/i686-pc-cygwin/bin/ld.exe) supports shared libraries
configure:13184: result: yes
configure:13212: g++ -c -g -O2  conftest.cpp >&5
configure:13215: $? = 0
configure:13397: checking for g++ option to produce PIC
configure:13719: result: -DDLL_EXPORT -DPIC
configure:13728: checking if g++ PIC flag -DDLL_EXPORT -DPIC works
configure:13746: g++ -c -g -O2  -DDLL_EXPORT -DPIC -DPIC conftest.cpp >&5
configure:13750: $? = 0
configure:13763: result: yes
configure:13784: checking if g++ static flag -static works
configure:13812: result: no
configure:13824: checking if g++ supports -c -o file.o
configure:13845: g++ -c -g -O2  -o out/conftest2.o conftest.cpp >&5
configure:13849: $? = 0
configure:13871: result: yes
configure:13876: checking if g++ supports -c -o file.o
configure:13923: result: yes
configure:13953: checking whether the g++ linker (/usr/i686-pc-cygwin/bin/ld.exe) supports shared libraries
configure:13981: result: yes
configure:14124: checking dynamic linker characteristics
configure:14735: result: Win32 ld.exe
configure:14788: checking how to hardcode library paths into programs
configure:14813: result: immediate
configure:14872: checking whether byte ordering is bigendian
configure:14887: gcc -c -g -O2  conftest.c >&5
conftest.c:25: error: expected '=', ',', ';', 'asm' or '__attribute__' before 'a'
configure:14887: $? = 1
configure: failed program was:
| /* confdefs.h */
| #define PACKAGE_NAME "OpenJPEG"
| #define PACKAGE_TARNAME "openjpeg-1.4.0"
| #define PACKAGE_VERSION "1.4.0"
| #define PACKAGE_STRING "OpenJPEG 1.4.0"
| #define PACKAGE_BUGREPORT "http://code.google.com/p/openjpeg/"
| #define PACKAGE_URL "http://www.openjpeg.org/"
| #define PACKAGE "openjpeg-1.4.0"
| #define VERSION "1.4.0"
| #define HAVE_FSEEKO 1
| #define STDC_HEADERS 1
| #define HAVE_SYS_TYPES_H 1
| #define HAVE_SYS_STAT_H 1
| #define HAVE_STDLIB_H 1
| #define HAVE_STRING_H 1
| #define HAVE_MEMORY_H 1
| #define HAVE_STRINGS_H 1
| #define HAVE_INTTYPES_H 1
| #define HAVE_STDINT_H 1
| #define HAVE_UNISTD_H 1
| #define HAVE_DLFCN_H 1
| #define LT_OBJDIR ".libs/"
| /* end confdefs.h.  */
| #ifndef __APPLE_CC__
| 	       not a universal capable compiler
| 	     #endif
| 	     typedef int dummy;
| 
configure:14932: gcc -c -g -O2  conftest.c >&5
configure:14932: $? = 0
configure:14950: gcc -c -g -O2  conftest.c >&5
conftest.c: In function 'main':
conftest.c:31: error: 'not' undeclared (first use in this function)
conftest.c:31: error: (Each undeclared identifier is reported only once
conftest.c:31: error: for each function it appears in.)
conftest.c:31: error: expected ';' before 'big'
configure:14950: $? = 1
configure: failed program was:
| /* confdefs.h */
| #define PACKAGE_NAME "OpenJPEG"
| #define PACKAGE_TARNAME "openjpeg-1.4.0"
| #define PACKAGE_VERSION "1.4.0"
| #define PACKAGE_STRING "OpenJPEG 1.4.0"
| #define PACKAGE_BUGREPORT "http://code.google.com/p/openjpeg/"
| #define PACKAGE_URL "http://www.openjpeg.org/"
| #define PACKAGE "openjpeg-1.4.0"
| #define VERSION "1.4.0"
| #define HAVE_FSEEKO 1
| #define STDC_HEADERS 1
| #define HAVE_SYS_TYPES_H 1
| #define HAVE_SYS_STAT_H 1
| #define HAVE_STDLIB_H 1
| #define HAVE_STRING_H 1
| #define HAVE_MEMORY_H 1
| #define HAVE_STRINGS_H 1
| #define HAVE_INTTYPES_H 1
| #define HAVE_STDINT_H 1
| #define HAVE_UNISTD_H 1
| #define HAVE_DLFCN_H 1
| #define LT_OBJDIR ".libs/"
| /* end confdefs.h.  */
| #include <sys/types.h>
| 		#include <sys/param.h>
| 
| int
| main ()
| {
| #if BYTE_ORDER != BIG_ENDIAN
| 		 not big endian
| 		#endif
| 
|   ;
|   return 0;
| }
configure:15078: result: no
configure:15098: checking for sqrt in -lm
configure:15123: gcc -o conftest.exe -g -O2   conftest.c -lm   >&5
conftest.c:31: warning: conflicting types for built-in function 'sqrt'
configure:15123: $? = 0
configure:15132: result: yes
configure:15139: checking for inflate in -lz
configure:15164: gcc -o conftest.exe -g -O2   conftest.c -lz   >&5
configure:15164: $? = 0
configure:15173: result: yes
configure:15184: checking for pkg-config
configure:15202: found /usr/bin/pkg-config
configure:15214: result: /usr/bin/pkg-config
configure:15226: checking whether to build with PNG support
configure:15243: checking for libpng-config
configure:15261: found /usr/bin/libpng-config
configure:15273: result: /usr/bin/libpng-config
configure:15313: checking /usr/include/libpng12/png.h usability
configure:15313: gcc -c -g -O2  conftest.c >&5
configure:15313: $? = 0
configure:15313: result: yes
configure:15313: checking /usr/include/libpng12/png.h presence
configure:15313: gcc -E  conftest.c
configure:15313: $? = 0
configure:15313: result: yes
configure:15313: checking for /usr/include/libpng12/png.h
configure:15313: result: yes
configure:15341: checking for png_create_read_struct in -lpng
configure:15366: gcc -o conftest.exe -g -O2   conftest.c -lpng  -L/usr/lib -lpng12 -lz -lz -lm >&5
configure:15366: $? = 0
configure:15375: result: yes
configure:15402: result: png is usable:yes
configure:15417: checking whether to build with TIFF support
configure:15433: checking for jpeg_read_header in -ljpeg
configure:15458: gcc -o conftest.exe -g -O2   conftest.c -ljpeg   -lm -lz -L/usr/lib -lpng12 -lz >&5
configure:15458: $? = 0
configure:15467: result: yes
configure:15474: checking for jbg_enc_init in -ljbig
configure:15499: gcc -o conftest.exe -g -O2   conftest.c -ljbig   -lm -lz -L/usr/lib -lpng12 -lz >&5
configure:15499: $? = 0
configure:15508: result: yes
configure:15515: checking for jbg85_enc_init in -ljbig85
configure:15540: gcc -o conftest.exe -g -O2   conftest.c -ljbig85   -lm -lz -L/usr/lib -lpng12 -lz >&5
configure:15540: $? = 0
configure:15549: result: yes
configure:15559: checking for TIFFOpen in -ltiff
configure:15584: gcc -o conftest.exe -g -O2   conftest.c -ltiff  -ltiff -ljpeg -ljbig -ljbig85 -lz -lm >&5
configure:15584: $? = 0
configure:15593: result: yes
configure:15601: checking tiff.h usability
configure:15601: gcc -c -g -O2  conftest.c >&5
configure:15601: $? = 0
configure:15601: result: yes
configure:15601: checking tiff.h presence
configure:15601: gcc -E  conftest.c
configure:15601: $? = 0
configure:15601: result: yes
configure:15601: checking for tiff.h
configure:15601: result: yes
configure:15712: result: tiff is usable:yes
configure:15727: checking whether to build with LCMS support
configure:15773: checking lcms2.h usability
configure:15773: gcc -c -g -O2  conftest.c >&5
conftest.c:60:19: error: lcms2.h: No such file or directory
configure:15773: $? = 1
configure: failed program was:
| /* confdefs.h */
| #define PACKAGE_NAME "OpenJPEG"
| #define PACKAGE_TARNAME "openjpeg-1.4.0"
| #define PACKAGE_VERSION "1.4.0"
| #define PACKAGE_STRING "OpenJPEG 1.4.0"
| #define PACKAGE_BUGREPORT "http://code.google.com/p/openjpeg/"
| #define PACKAGE_URL "http://www.openjpeg.org/"
| #define PACKAGE "openjpeg-1.4.0"
| #define VERSION "1.4.0"
| #define HAVE_FSEEKO 1
| #define STDC_HEADERS 1
| #define HAVE_SYS_TYPES_H 1
| #define HAVE_SYS_STAT_H 1
| #define HAVE_STDLIB_H 1
| #define HAVE_STRING_H 1
| #define HAVE_MEMORY_H 1
| #define HAVE_STRINGS_H 1
| #define HAVE_INTTYPES_H 1
| #define HAVE_STDINT_H 1
| #define HAVE_UNISTD_H 1
| #define HAVE_DLFCN_H 1
| #define LT_OBJDIR ".libs/"
| #define HAVE_LIBPNG 1
| #define HAVE_LIBPNG 1
| #define HAVE_LIBTIFF 1
| /* end confdefs.h.  */
| #include <stdio.h>
| #ifdef HAVE_SYS_TYPES_H
| # include <sys/types.h>
| #endif
| #ifdef HAVE_SYS_STAT_H
| # include <sys/stat.h>
| #endif
| #ifdef STDC_HEADERS
| # include <stdlib.h>
| # include <stddef.h>
| #else
| # ifdef HAVE_STDLIB_H
| #  include <stdlib.h>
| # endif
| #endif
| #ifdef HAVE_STRING_H
| # if !defined STDC_HEADERS && defined HAVE_MEMORY_H
| #  include <memory.h>
| # endif
| # include <string.h>
| #endif
| #ifdef HAVE_STRINGS_H
| # include <strings.h>
| #endif
| #ifdef HAVE_INTTYPES_H
| # include <inttypes.h>
| #endif
| #ifdef HAVE_STDINT_H
| # include <stdint.h>
| #endif
| #ifdef HAVE_UNISTD_H
| # include <unistd.h>
| #endif
| #include <lcms2.h>
configure:15773: result: no
configure:15773: checking lcms2.h presence
configure:15773: gcc -E  conftest.c
conftest.c:27:19: error: lcms2.h: No such file or directory
configure:15773: $? = 1
configure: failed program was:
| /* confdefs.h */
| #define PACKAGE_NAME "OpenJPEG"
| #define PACKAGE_TARNAME "openjpeg-1.4.0"
| #define PACKAGE_VERSION "1.4.0"
| #define PACKAGE_STRING "OpenJPEG 1.4.0"
| #define PACKAGE_BUGREPORT "http://code.google.com/p/openjpeg/"
| #define PACKAGE_URL "http://www.openjpeg.org/"
| #define PACKAGE "openjpeg-1.4.0"
| #define VERSION "1.4.0"
| #define HAVE_FSEEKO 1
| #define STDC_HEADERS 1
| #define HAVE_SYS_TYPES_H 1
| #define HAVE_SYS_STAT_H 1
| #define HAVE_STDLIB_H 1
| #define HAVE_STRING_H 1
| #define HAVE_MEMORY_H 1
| #define HAVE_STRINGS_H 1
| #define HAVE_INTTYPES_H 1
| #define HAVE_STDINT_H 1
| #define HAVE_UNISTD_H 1
| #define HAVE_DLFCN_H 1
| #define LT_OBJDIR ".libs/"
| #define HAVE_LIBPNG 1
| #define HAVE_LIBPNG 1
| #define HAVE_LIBTIFF 1
| /* end confdefs.h.  */
| #include <lcms2.h>
configure:15773: result: no
configure:15773: checking for lcms2.h
configure:15773: result: no
configure:15802: checking for cmsOpenProfileFromFile in -llcms2
configure:15827: gcc -o conftest.exe -g -O2   conftest.c -llcms2  -llcms2 -lm >&5
/usr/lib/gcc/i686-pc-cygwin/4.3.4/../../../../i686-pc-cygwin/bin/ld: cannot find -llcms2
/usr/lib/gcc/i686-pc-cygwin/4.3.4/../../../../i686-pc-cygwin/bin/ld: cannot find -llcms2
collect2: ld returned 1 exit status
configure:15827: $? = 1
configure: failed program was:
| /* confdefs.h */
| #define PACKAGE_NAME "OpenJPEG"
| #define PACKAGE_TARNAME "openjpeg-1.4.0"
| #define PACKAGE_VERSION "1.4.0"
| #define PACKAGE_STRING "OpenJPEG 1.4.0"
| #define PACKAGE_BUGREPORT "http://code.google.com/p/openjpeg/"
| #define PACKAGE_URL "http://www.openjpeg.org/"
| #define PACKAGE "openjpeg-1.4.0"
| #define VERSION "1.4.0"
| #define HAVE_FSEEKO 1
| #define STDC_HEADERS 1
| #define HAVE_SYS_TYPES_H 1
| #define HAVE_SYS_STAT_H 1
| #define HAVE_STDLIB_H 1
| #define HAVE_STRING_H 1
| #define HAVE_MEMORY_H 1
| #define HAVE_STRINGS_H 1
| #define HAVE_INTTYPES_H 1
| #define HAVE_STDINT_H 1
| #define HAVE_UNISTD_H 1
| #define HAVE_DLFCN_H 1
| #define LT_OBJDIR ".libs/"
| #define HAVE_LIBPNG 1
| #define HAVE_LIBPNG 1
| #define HAVE_LIBTIFF 1
| /* end confdefs.h.  */
| 
| /* Override any GCC internal prototype to avoid an error.
|    Use char because int might match the return type of a GCC
|    builtin and then its argument prototype would still apply.  */
| #ifdef __cplusplus
| extern "C"
| #endif
| char cmsOpenProfileFromFile ();
| int
| main ()
| {
| return cmsOpenProfileFromFile ();
|   ;
|   return 0;
| }
configure:15836: result: no
configure:15869: result: lcms2 is usable:no
configure:15881: result: lcms2libs:
configure:15921: checking /usr/include/lcms.h usability
configure:15921: gcc -c -g -O2  conftest.c >&5
configure:15921: $? = 0
configure:15921: result: yes
configure:15921: checking /usr/include/lcms.h presence
configure:15921: gcc -E  conftest.c
configure:15921: $? = 0
configure:15921: result: yes
configure:15921: checking for /usr/include/lcms.h
configure:15921: result: yes
configure:15950: checking for cmsOpenProfileFromFile in -llcms
configure:15975: gcc -o conftest.exe -g -O2   conftest.c -llcms  -llcms   -lm >&5
configure:15975: $? = 0
configure:15984: result: yes
configure:16016: result: lcms is usable:yes
configure:16034: checking whether to build with JPWL support
configure:16044: result: no
configure:16064: checking whether to build shared libraries
configure:16072: result: yes
configure:16088: checking whether to build the JP3D library
configure:16096: result: no
configure:16105: checking for doxygen
configure:16121: found /usr/bin/doxygen
configure:16133: result: yes
configure:16321: creating ./config.status

## ---------------------- ##
## Running config.status. ##
## ---------------------- ##

This file was extended by OpenJPEG config.status 1.4.0, which was
generated by GNU Autoconf 2.65.  Invocation command line was

  CONFIG_FILES    = 
  CONFIG_HEADERS  = 
  CONFIG_LINKS    = 
  CONFIG_COMMANDS = 
  $ ./config.status 

on PC-016

config.status:1205: creating Makefile
config.status:1205: creating libopenjpeg.pc
config.status:1205: creating libopenjpeg/Makefile
config.status:1205: creating jpwl/Makefile
config.status:1205: creating codec/Makefile
config.status:1205: creating mj2/Makefile
config.status:1205: creating doc/Makefile
config.status:1205: creating jp3d/Makefile
config.status:1205: creating jp3d/libjp3dvm/Makefile
config.status:1205: creating jp3d/codec/Makefile
config.status:1205: creating opj_config.h
config.status:1425: executing depfiles commands
config.status:1425: executing libtool commands

## ---------------- ##
## Cache variables. ##
## ---------------- ##

ac_cv_build=i686-pc-cygwin
ac_cv_c_bigendian=no
ac_cv_c_compiler_gnu=yes
ac_cv_cxx_compiler_gnu=yes
ac_cv_env_CCC_set=
ac_cv_env_CCC_value=
ac_cv_env_CC_set=
ac_cv_env_CC_value=
ac_cv_env_CFLAGS_set=
ac_cv_env_CFLAGS_value=
ac_cv_env_CPPFLAGS_set=
ac_cv_env_CPPFLAGS_value=
ac_cv_env_CPP_set=
ac_cv_env_CPP_value=
ac_cv_env_CXXCPP_set=
ac_cv_env_CXXCPP_value=
ac_cv_env_CXXFLAGS_set=
ac_cv_env_CXXFLAGS_value=
ac_cv_env_CXX_set=
ac_cv_env_CXX_value=
ac_cv_env_LDFLAGS_set=
ac_cv_env_LDFLAGS_value=
ac_cv_env_LIBS_set=
ac_cv_env_LIBS_value=
ac_cv_env_build_alias_set=
ac_cv_env_build_alias_value=
ac_cv_env_host_alias_set=
ac_cv_env_host_alias_value=
ac_cv_env_target_alias_set=
ac_cv_env_target_alias_value=
ac_cv_exeext=.exe
ac_cv_header__usr_include_lcms_h=yes
ac_cv_header__usr_include_libpng12_png_h=yes
ac_cv_header_dlfcn_h=yes
ac_cv_header_inttypes_h=yes
ac_cv_header_lcms2_h=no
ac_cv_header_memory_h=yes
ac_cv_header_stdc=yes
ac_cv_header_stdint_h=yes
ac_cv_header_stdlib_h=yes
ac_cv_header_string_h=yes
ac_cv_header_strings_h=yes
ac_cv_header_sys_stat_h=yes
ac_cv_header_sys_types_h=yes
ac_cv_header_tiff_h=yes
ac_cv_header_unistd_h=yes
ac_cv_host=i686-pc-cygwin
ac_cv_lib_jbig85_jbg85_enc_init=yes
ac_cv_lib_jbig_jbg_enc_init=yes
ac_cv_lib_jpeg_jpeg_read_header=yes
ac_cv_lib_lcms2_cmsOpenProfileFromFile=no
ac_cv_lib_lcms_cmsOpenProfileFromFile=yes
ac_cv_lib_m_sqrt=yes
ac_cv_lib_png_png_create_read_struct=yes
ac_cv_lib_tiff_TIFFOpen=yes
ac_cv_lib_z_inflate=yes
ac_cv_objext=o
ac_cv_path_EGREP='/usr/bin/grep -E'
ac_cv_path_FGREP='/usr/bin/grep -F'
ac_cv_path_GREP=/usr/bin/grep
ac_cv_path_LIBPNG_CONFIG=/usr/bin/libpng-config
ac_cv_path_PKGCONFIG=/usr/bin/pkg-config
ac_cv_path_SED=/usr/bin/sed
ac_cv_path_install='/usr/bin/install -c'
ac_cv_path_mkdir=/usr/bin/mkdir
ac_cv_prog_AWK=gawk
ac_cv_prog_CPP='gcc -E'
ac_cv_prog_CXXCPP='g++ -E'
ac_cv_prog_ac_ct_AR=ar
ac_cv_prog_ac_ct_AS=as
ac_cv_prog_ac_ct_CC=gcc
ac_cv_prog_ac_ct_CXX=g++
ac_cv_prog_ac_ct_DLLTOOL=dlltool
ac_cv_prog_ac_ct_OBJDUMP=objdump
ac_cv_prog_ac_ct_RANLIB=ranlib
ac_cv_prog_ac_ct_STRIP=strip
ac_cv_prog_cc_c89=
ac_cv_prog_cc_g=yes
ac_cv_prog_cxx_g=yes
ac_cv_prog_make_make_set=yes
ac_cv_prog_with_doxygen=yes
ac_cv_sys_file_offset_bits=no
ac_cv_sys_largefile_CC=no
ac_cv_sys_largefile_source=no
ac_cv_target=i686-pc-cygwin
am_cv_CC_dependencies_compiler_type=gcc3
am_cv_CXX_dependencies_compiler_type=gcc3
lt_cv_archive_cmds_need_lc=yes
lt_cv_deplibs_check_method='file_magic ^x86 archive import|^x86 DLL'
lt_cv_file_magic_cmd=func_win32_libid
lt_cv_file_magic_test_file=
lt_cv_ld_reload_flag=-r
lt_cv_nm_interface='BSD nm'
lt_cv_objdir=.libs
lt_cv_path_LD=/usr/i686-pc-cygwin/bin/ld.exe
lt_cv_path_LDCXX=/usr/i686-pc-cygwin/bin/ld.exe
lt_cv_path_NM='/usr/bin/nm -B'
lt_cv_prog_compiler_c_o=yes
lt_cv_prog_compiler_c_o_CXX=yes
lt_cv_prog_compiler_pic_works=yes
lt_cv_prog_compiler_pic_works_CXX=yes
lt_cv_prog_compiler_rtti_exceptions=no
lt_cv_prog_compiler_static_works=no
lt_cv_prog_compiler_static_works_CXX=no
lt_cv_prog_gnu_ld=yes
lt_cv_prog_gnu_ldcxx=yes
lt_cv_sys_global_symbol_pipe='sed -n -e '\''s/^.*[	 ]\([ABCDGIRSTW][ABCDGIRSTW]*\)[	 ][	 ]*_\([_A-Za-z][_A-Za-z0-9]*\)$/\1 _\2 \2/p'\'''
lt_cv_sys_global_symbol_to_c_name_address='sed -n -e '\''s/^: \([^ ]*\) $/  {\"\1\", (void *) 0},/p'\'' -e '\''s/^[ABCDGIRSTW]* \([^ ]*\) \([^ ]*\)$/  {"\2", (void *) \&\2},/p'\'''
lt_cv_sys_global_symbol_to_c_name_address_lib_prefix='sed -n -e '\''s/^: \([^ ]*\) $/  {\"\1\", (void *) 0},/p'\'' -e '\''s/^[ABCDGIRSTW]* \([^ ]*\) \(lib[^ ]*\)$/  {"\2", (void *) \&\2},/p'\'' -e '\''s/^[ABCDGIRSTW]* \([^ ]*\) \([^ ]*\)$/  {"lib\2", (void *) \&\2},/p'\'''
lt_cv_sys_global_symbol_to_cdecl='sed -n -e '\''s/^T .* \(.*\)$/extern int \1();/p'\'' -e '\''s/^[ABCDGIRSTW]* .* \(.*\)$/extern char \1;/p'\'''
lt_cv_sys_max_cmd_len=8192

## ----------------- ##
## Output variables. ##
## ----------------- ##

ACLOCAL='${SHELL} /cygdrive/d/Android/mupdf/jni/openjpeg/missing --run aclocal-1.11'
AMDEPBACKSLASH='\'
AMDEP_FALSE='#'
AMDEP_TRUE=''
AMTAR='${SHELL} /cygdrive/d/Android/mupdf/jni/openjpeg/missing --run tar'
AR='ar'
AS='as'
AUTOCONF='${SHELL} /cygdrive/d/Android/mupdf/jni/openjpeg/missing --run autoconf'
AUTOHEADER='${SHELL} /cygdrive/d/Android/mupdf/jni/openjpeg/missing --run autoheader'
AUTOMAKE='${SHELL} /cygdrive/d/Android/mupdf/jni/openjpeg/missing --run automake-1.11'
AWK='gawk'
BUILD_NR='0'
CC='gcc'
CCDEPMODE='depmode=gcc3'
CFLAGS='-g -O2'
CPP='gcc -E'
CPPFLAGS=''
CXX='g++'
CXXCPP='g++ -E'
CXXDEPMODE='depmode=gcc3'
CXXFLAGS='-g -O2'
CYGPATH_W='cygpath -w'
DEFS='-DHAVE_CONFIG_H'
DEPDIR='.deps'
DLLTOOL='dlltool'
DSYMUTIL=''
DUMPBIN=''
ECHO_C=''
ECHO_N='-n'
ECHO_T=''
EGREP='/usr/bin/grep -E'
EXEEXT='.exe'
FGREP='/usr/bin/grep -F'
GREP='/usr/bin/grep'
INSTALL_DATA='${INSTALL} -m 644'
INSTALL_PROGRAM='${INSTALL}'
INSTALL_SCRIPT='${INSTALL}'
INSTALL_STRIP_PROGRAM='$(install_sh) -c -s'
JP3D_BUILD_NR='0'
JP3D_MAJOR_NR='1'
JP3D_MINOR_NR='3'
LD='/usr/i686-pc-cygwin/bin/ld.exe'
LDFLAGS=''
LIBOBJS=''
LIBPNG_CONFIG='/usr/bin/libpng-config'
LIBS=' -lm -lz -L/usr/lib -lpng12 -lz -ltiff -ljpeg -ljbig -ljbig85  -llcms  '
LIBTOOL='$(SHELL) $(top_builddir)/libtool'
LIPO=''
LN_S='ln -s'
LTLIBOBJS=''
MAJOR_NR='1'
MAKEINFO='${SHELL} /cygdrive/d/Android/mupdf/jni/openjpeg/missing --run makeinfo'
MINOR_NR='4'
MKDIR_P='/usr/bin/mkdir -p'
NM='/usr/bin/nm -B'
NMEDIT=''
OBJDUMP='objdump'
OBJEXT='o'
OTOOL64=''
OTOOL=''
PACKAGE='openjpeg-1.4.0'
PACKAGE_BUGREPORT='http://code.google.com/p/openjpeg/'
PACKAGE_NAME='OpenJPEG'
PACKAGE_STRING='OpenJPEG 1.4.0'
PACKAGE_TARNAME='openjpeg-1.4.0'
PACKAGE_URL='http://www.openjpeg.org/'
PACKAGE_VERSION='1.4.0'
PATH_SEPARATOR=':'
PKGCONFIG='/usr/bin/pkg-config'
RANLIB='ranlib'
SED='/usr/bin/sed'
SET_MAKE=''
SHELL='/bin/sh'
STRIP='strip'
VERSION='1.4.0'
ac_ct_CC='gcc'
ac_ct_CXX='g++'
ac_ct_DUMPBIN=''
am__EXEEXT_FALSE='#'
am__EXEEXT_TRUE=''
am__fastdepCC_FALSE='#'
am__fastdepCC_TRUE=''
am__fastdepCXX_FALSE='#'
am__fastdepCXX_TRUE=''
am__include='include'
am__isrc=''
am__leading_dot='.'
am__quote=''
am__tar='${AMTAR} chof - "$$tardir"'
am__untar='${AMTAR} xf -'
bindir='${exec_prefix}/bin'
build='i686-pc-cygwin'
build_alias=''
build_cpu='i686'
build_os='cygwin'
build_vendor='pc'
datadir='${datarootdir}'
datarootdir='${prefix}/share'
docdir='${datarootdir}/doc/${PACKAGE_TARNAME}'
dvidir='${docdir}'
exec_prefix='${prefix}'
host='i686-pc-cygwin'
host_alias=''
host_cpu='i686'
host_os='cygwin'
host_vendor='pc'
htmldir='${docdir}'
includedir='${prefix}/include'
infodir='${datarootdir}/info'
install_sh='${SHELL} /cygdrive/d/Android/mupdf/jni/openjpeg/install-sh'
jp3d_dir=''
jpwl_dir=''
lcms1includes='-I/usr/include'
lcms1libs='-llcms  '
lcms2includes=''
lcms2libs=''
libdir='${exec_prefix}/lib'
libexecdir='${exec_prefix}/libexec'
localedir='${datarootdir}/locale'
localstatedir='${prefix}/var'
mandir='${datarootdir}/man'
mkdir_p='/usr/bin/mkdir -p'
oldincludedir='/usr/include'
pdfdir='${docdir}'
pngincludes='-I/usr/include/libpng12'
pnglibs='-L/usr/lib -lpng12 -lz'
prefix='/usr/local'
program_transform_name='s,x,x,'
psdir='${docdir}'
sbindir='${exec_prefix}/sbin'
sharedstatedir='${prefix}/com'
sysconfdir='${prefix}/etc'
target='i686-pc-cygwin'
target_alias=''
target_cpu='i686'
target_os='cygwin'
target_vendor='pc'
tiffincludes=''
tifflibs='-ltiff'
with_doxygen='yes'
with_doxygen_FALSE='#'
with_doxygen_TRUE=''
with_libjpwl_FALSE=''
with_libjpwl_TRUE='#'
with_liblcms1_FALSE='#'
with_liblcms1_TRUE=''
with_liblcms2_FALSE=''
with_liblcms2_TRUE='#'
with_libpng_FALSE='#'
with_libpng_TRUE=''
with_libtiff_FALSE='#'
with_libtiff_TRUE=''
with_sharedlibs_FALSE='#'
with_sharedlibs_TRUE=''

## ----------- ##
## confdefs.h. ##
## ----------- ##

/* confdefs.h */
#define PACKAGE_NAME "OpenJPEG"
#define PACKAGE_TARNAME "openjpeg-1.4.0"
#define PACKAGE_VERSION "1.4.0"
#define PACKAGE_STRING "OpenJPEG 1.4.0"
#define PACKAGE_BUGREPORT "http://code.google.com/p/openjpeg/"
#define PACKAGE_URL "http://www.openjpeg.org/"
#define PACKAGE "openjpeg-1.4.0"
#define VERSION "1.4.0"
#define HAVE_FSEEKO 1
#define STDC_HEADERS 1
#define HAVE_SYS_TYPES_H 1
#define HAVE_SYS_STAT_H 1
#define HAVE_STDLIB_H 1
#define HAVE_STRING_H 1
#define HAVE_MEMORY_H 1
#define HAVE_STRINGS_H 1
#define HAVE_INTTYPES_H 1
#define HAVE_STDINT_H 1
#define HAVE_UNISTD_H 1
#define HAVE_DLFCN_H 1
#define LT_OBJDIR ".libs/"
#define HAVE_LIBPNG 1
#define HAVE_LIBPNG 1
#define HAVE_LIBTIFF 1
#define HAVE_LIBLCMS 1
#define HAVE_LIBLCMS1 1

configure: exit 0
